# JRE version: OpenJDK Runtime Environment Temurin-21.0.12.1+1 (21.0.12.1+1) (build 21.0.12.1+1-LTS)
# Java VM: OpenJDK 64-Bit Server VM Temurin-21.0.12.1+1 (21.0.12.1+1-LTS, mixed mode, sharing, tiered, compressed oops, compressed class ptrs, parallel gc, windows-amd64)
GC Precious Log:
 CardTable entry size: 512
 CPUs: 8 total, 8 available
 Memory: 7934M
 Large Page Support: Disabled
 NUMA Support: Disabled
 Compressed Oops: Enabled (32-bit)
 Alignments: Space 512K, Generation 512K, Heap 2M
 Heap Min Capacity: 100M
 Heap Initial Capacity: 100M
 Heap Max Capacity: 2G
 Pre-touch: Disabled
 Parallel Workers: 8
Heap:
 PSYoungGen      total 6656K, used 4171K [0x00000000d5580000, 0x00000000d5f00000, 0x0000000100000000)
  eden space 4608K, 67% used [0x00000000d5580000,0x00000000d5889b10,0x00000000d5a00000)
  from space 2048K, 51% used [0x00000000d5b00000,0x00000000d5c09230,0x00000000d5d00000)
  to   space 1536K, 0% used [0x00000000d5d80000,0x00000000d5d80000,0x00000000d5f00000)
 ParOldGen       total 567808K, used 567372K [0x0000000080000000, 0x00000000a2a80000, 0x00000000d5580000)
  object space 567808K, 99% used [0x0000000080000000,0x00000000a2a13268,0x00000000a2a80000)
 Metaspace       used 90179K, committed 92224K, reserved 1179648K
  class space    used 8943K, committed 9920K, reserved 1048576K
GC Heap History (20 events):
Event: 3582.270 GC heap before
{Heap before GC invocations=3221 (full 6):
 PSYoungGen      total 7168K, used 6767K [0x00000000d5580000, 0x00000000d6080000, 0x0000000100000000)
  eden space 4096K, 100% used [0x00000000d5580000,0x00000000d5980000,0x00000000d5980000)
  from space 3072K, 86% used [0x00000000d5980000,0x00000000d5c1be50,0x00000000d5c80000)
  to   space 3072K, 0% used [0x00000000d5d80000,0x00000000d5d80000,0x00000000d6080000)
 ParOldGen       total 554496K, used 554447K [0x0000000080000000, 0x00000000a1d80000, 0x00000000d5580000)
  object space 554496K, 99% used [0x0000000080000000,0x00000000a1d73f10,0x00000000a1d80000)
 Metaspace       used 90175K, committed 92224K, reserved 1179648K
  class space    used 8943K, committed 9920K, reserved 1048576K
}
Event: 3582.272 GC heap after
{Heap after GC invocations=3221 (full 6):
 PSYoungGen      total 5632K, used 352K [0x00000000d5580000, 0x00000000d5e00000, 0x0000000100000000)
  eden space 5120K, 0% used [0x00000000d5580000,0x00000000d5580000,0x00000000d5a80000)
  from space 512K, 68% used [0x00000000d5d80000,0x00000000d5dd8000,0x00000000d5e00000)
  to   space 1536K, 0% used [0x00000000d5b00000,0x00000000d5b00000,0x00000000d5c80000)
 ParOldGen       total 557056K, used 557016K [0x0000000080000000, 0x00000000a2000000, 0x00000000d5580000)
  object space 557056K, 99% used [0x0000000080000000,0x00000000a1ff6128,0x00000000a2000000)
 Metaspace       used 90175K, committed 92224K, reserved 1179648K
  class space    used 8943K, committed 9920K, reserved 1048576K
}
Event: 3584.519 GC heap before
{Heap before GC invocations=3222 (full 6):
 PSYoungGen      total 5632K, used 5471K [0x00000000d5580000, 0x00000000d5e00000, 0x0000000100000000)
  eden space 5120K, 99% used [0x00000000d5580000,0x00000000d5a7ffd8,0x00000000d5a80000)
  from space 512K, 68% used [0x00000000d5d80000,0x00000000d5dd8000,0x00000000d5e00000)
  to   space 1536K, 0% used [0x00000000d5b00000,0x00000000d5b00000,0x00000000d5c80000)
 ParOldGen       total 557056K, used 557016K [0x0000000080000000, 0x00000000a2000000, 0x00000000d5580000)
  object space 557056K, 99% used [0x0000000080000000,0x00000000a1ff6128,0x00000000a2000000)
 Metaspace       used 90175K, committed 92224K, reserved 1179648K
  class space    used 8943K, committed 9920K, reserved 1048576K
}
Event: 3584.520 GC heap after
{Heap after GC invocations=3222 (full 6):
 PSYoungGen      total 6656K, used 352K [0x00000000d5580000, 0x00000000d5e00000, 0x0000000100000000)
  eden space 5120K, 0% used [0x00000000d5580000,0x00000000d5580000,0x00000000d5a80000)
  from space 1536K, 22% used [0x00000000d5b00000,0x00000000d5b58000,0x00000000d5c80000)
  to   space 512K, 0% used [0x00000000d5d80000,0x00000000d5d80000,0x00000000d5e00000)
 ParOldGen       total 557568K, used 557296K [0x0000000080000000, 0x00000000a2080000, 0x00000000d5580000)
  object space 557568K, 99% used [0x0000000080000000,0x00000000a203c128,0x00000000a2080000)
 Metaspace       used 90175K, committed 92224K, reserved 1179648K
  class space    used 8943K, committed 9920K, reserved 1048576K
}
Event: 3584.529 GC heap before
{Heap before GC invocations=3223 (full 6):
 PSYoungGen      total 6656K, used 5412K [0x00000000d5580000, 0x00000000d5e00000, 0x0000000100000000)
  eden space 5120K, 98% used [0x00000000d5580000,0x00000000d5a71308,0x00000000d5a80000)
  from space 1536K, 22% used [0x00000000d5b00000,0x00000000d5b58000,0x00000000d5c80000)
  to   space 512K, 0% used [0x00000000d5d80000,0x00000000d5d80000,0x00000000d5e00000)
 ParOldGen       total 557568K, used 557296K [0x0000000080000000, 0x00000000a2080000, 0x00000000d5580000)
  object space 557568K, 99% used [0x0000000080000000,0x00000000a203c128,0x00000000a2080000)
 Metaspace       used 90175K, committed 92224K, reserved 1179648K
  class space    used 8943K, committed 9920K, reserved 1048576K
}
Event: 3584.530 GC heap after
{Heap after GC invocations=3223 (full 6):
 PSYoungGen      total 5120K, used 498K [0x00000000d5580000, 0x00000000d6180000, 0x0000000100000000)
  eden space 4608K, 0% used [0x00000000d5580000,0x00000000d5580000,0x00000000d5a00000)
  from space 512K, 97% used [0x00000000d5d80000,0x00000000d5dfc880,0x00000000d5e00000)
  to   space 3584K, 0% used [0x00000000d5a00000,0x00000000d5a00000,0x00000000d5d80000)
 ParOldGen       total 559616K, used 559553K [0x0000000080000000, 0x00000000a2280000, 0x00000000d5580000)
  object space 559616K, 99% used [0x0000000080000000,0x00000000a2270518,0x00000000a2280000)
 Metaspace       used 90175K, committed 92224K, reserved 1179648K
  class space    used 8943K, committed 9920K, reserved 1048576K
}
Event: 3584.540 GC heap before
{Heap before GC invocations=3224 (full 6):
 PSYoungGen      total 5120K, used 5106K [0x00000000d5580000, 0x00000000d6180000, 0x0000000100000000)
  eden space 4608K, 100% used [0x00000000d5580000,0x00000000d5a00000,0x00000000d5a00000)
  from space 512K, 97% used [0x00000000d5d80000,0x00000000d5dfc880,0x00000000d5e00000)
  to   space 3584K, 0% used [0x00000000d5a00000,0x00000000d5a00000,0x00000000d5d80000)
 ParOldGen       total 559616K, used 559553K [0x0000000080000000, 0x00000000a2280000, 0x00000000d5580000)
  object space 559616K, 99% used [0x0000000080000000,0x00000000a2270518,0x00000000a2280000)
 Metaspace       used 90175K, committed 92224K, reserved 1179648K
  class space    used 8943K, committed 9920K, reserved 1048576K
}
Event: 3584.541 GC heap after
{Heap after GC invocations=3224 (full 6):
 PSYoungGen      total 8192K, used 3579K [0x00000000d5580000, 0x00000000d6400000, 0x0000000100000000)
  eden space 4608K, 0% used [0x00000000d5580000,0x00000000d5580000,0x00000000d5a00000)
  from space 3584K, 99% used [0x00000000d5a00000,0x00000000d5d7eed0,0x00000000d5d80000)
  to   space 5120K, 0% used [0x00000000d5f00000,0x00000000d5f00000,0x00000000d6400000)
 ParOldGen       total 560640K, used 560429K [0x0000000080000000, 0x00000000a2380000, 0x00000000d5580000)
  object space 560640K, 99% used [0x0000000080000000,0x00000000a234b400,0x00000000a2380000)
 Metaspace       used 90175K, committed 92224K, reserved 1179648K
  class space    used 8943K, committed 9920K, reserved 1048576K
}
Event: 3584.548 GC heap before
{Heap before GC invocations=3225 (full 6):
 PSYoungGen      total 8192K, used 8187K [0x00000000d5580000, 0x00000000d6400000, 0x0000000100000000)
  eden space 4608K, 100% used [0x00000000d5580000,0x00000000d5a00000,0x00000000d5a00000)
  from space 3584K, 99% used [0x00000000d5a00000,0x00000000d5d7eed0,0x00000000d5d80000)
  to   space 5120K, 0% used [0x00000000d5f00000,0x00000000d5f00000,0x00000000d6400000)
 ParOldGen       total 560640K, used 560429K [0x0000000080000000, 0x00000000a2380000, 0x00000000d5580000)
  object space 560640K, 99% used [0x0000000080000000,0x00000000a234b400,0x00000000a2380000)
 Metaspace       used 90176K, committed 92224K, reserved 1179648K
  class space    used 8943K, committed 9920K, reserved 1048576K
}
Event: 3584.550 GC heap after
{Heap after GC invocations=3225 (full 6):
 PSYoungGen      total 6144K, used 1074K [0x00000000d5580000, 0x00000000d6080000, 0x0000000100000000)
  eden space 4608K, 0% used [0x00000000d5580000,0x00000000d5580000,0x00000000d5a00000)
  from space 1536K, 69% used [0x00000000d5f00000,0x00000000d600c868,0x00000000d6080000)
  to   space 2560K, 0% used [0x00000000d5b80000,0x00000000d5b80000,0x00000000d5e00000)
 ParOldGen       total 564224K, used 563966K [0x0000000080000000, 0x00000000a2700000, 0x00000000d5580000)
  object space 564224K, 99% used [0x0000000080000000,0x00000000a26bfba8,0x00000000a2700000)
 Metaspace       used 90176K, committed 92224K, reserved 1179648K
  class space    used 8943K, committed 9920K, reserved 1048576K
}
Event: 3600.818 GC heap before
{Heap before GC invocations=3226 (full 6):
 PSYoungGen      total 6144K, used 5682K [0x00000000d5580000, 0x00000000d6080000, 0x0000000100000000)
  eden space 4608K, 100% used [0x00000000d5580000,0x00000000d5a00000,0x00000000d5a00000)
  from space 1536K, 69% used [0x00000000d5f00000,0x00000000d600c868,0x00000000d6080000)
  to   space 2560K, 0% used [0x00000000d5b80000,0x00000000d5b80000,0x00000000d5e00000)
 ParOldGen       total 564224K, used 563966K [0x0000000080000000, 0x00000000a2700000, 0x00000000d5580000)
  object space 564224K, 99% used [0x0000000080000000,0x00000000a26bfba8,0x00000000a2700000)
 Metaspace       used 90176K, committed 92224K, reserved 1179648K
  class space    used 8943K, committed 9920K, reserved 1048576K
}
Event: 3600.821 GC heap after
{Heap after GC invocations=3226 (full 6):
 PSYoungGen      total 7168K, used 624K [0x00000000d5580000, 0x00000000d5f80000, 0x0000000100000000)
  eden space 4608K, 0% used [0x00000000d5580000,0x00000000d5580000,0x00000000d5a00000)
  from space 2560K, 24% used [0x00000000d5b80000,0x00000000d5c1c010,0x00000000d5e00000)
  to   space 1024K, 0% used [0x00000000d5e80000,0x00000000d5e80000,0x00000000d5f80000)
 ParOldGen       total 564736K, used 564726K [0x0000000080000000, 0x00000000a2780000, 0x00000000d5580000)
  object space 564736K, 99% used [0x0000000080000000,0x00000000a277dbb8,0x00000000a2780000)
 Metaspace       used 90176K, committed 92224K, reserved 1179648K
  class space    used 8943K, committed 9920K, reserved 1048576K
}
Event: 3600.832 GC heap before
{Heap before GC invocations=3227 (full 6):
 PSYoungGen      total 7168K, used 5232K [0x00000000d5580000, 0x00000000d5f80000, 0x0000000100000000)
  eden space 4608K, 100% used [0x00000000d5580000,0x00000000d5a00000,0x00000000d5a00000)
  from space 2560K, 24% used [0x00000000d5b80000,0x00000000d5c1c010,0x00000000d5e00000)
  to   space 1024K, 0% used [0x00000000d5e80000,0x00000000d5e80000,0x00000000d5f80000)
 ParOldGen       total 564736K, used 564726K [0x0000000080000000, 0x00000000a2780000, 0x00000000d5580000)
  object space 564736K, 99% used [0x0000000080000000,0x00000000a277dbb8,0x00000000a2780000)
 Metaspace       used 90176K, committed 92224K, reserved 1179648K
  class space    used 8943K, committed 9920K, reserved 1048576K
}
Event: 3600.833 GC heap after
{Heap after GC invocations=3227 (full 6):
 PSYoungGen      total 5632K, used 836K [0x00000000d5580000, 0x00000000d5f80000, 0x0000000100000000)
  eden space 4608K, 0% used [0x00000000d5580000,0x00000000d5580000,0x00000000d5a00000)
  from space 1024K, 81% used [0x00000000d5e80000,0x00000000d5f51230,0x00000000d5f80000)
  to   space 1024K, 0% used [0x00000000d5d80000,0x00000000d5d80000,0x00000000d5e80000)
 ParOldGen       total 565248K, used 565166K [0x0000000080000000, 0x00000000a2800000, 0x00000000d5580000)
  object space 565248K, 99% used [0x0000000080000000,0x00000000a27ebbd8,0x00000000a2800000)
 Metaspace       used 90176K, committed 92224K, reserved 1179648K
  class space    used 8943K, committed 9920K, reserved 1048576K
}
Event: 3600.871 GC heap before
{Heap before GC invocations=3228 (full 6):
 PSYoungGen      total 5632K, used 5444K [0x00000000d5580000, 0x00000000d5f80000, 0x0000000100000000)
  eden space 4608K, 100% used [0x00000000d5580000,0x00000000d5a00000,0x00000000d5a00000)
  from space 1024K, 81% used [0x00000000d5e80000,0x00000000d5f51230,0x00000000d5f80000)
  to   space 1024K, 0% used [0x00000000d5d80000,0x00000000d5d80000,0x00000000d5e80000)
 ParOldGen       total 565248K, used 565166K [0x0000000080000000, 0x00000000a2800000, 0x00000000d5580000)
  object space 565248K, 99% used [0x0000000080000000,0x00000000a27ebbd8,0x00000000a2800000)
 Metaspace       used 90177K, committed 92224K, reserved 1179648K
  class space    used 8943K, committed 9920K, reserved 1048576K
}
Event: 3600.873 GC heap after
{Heap after GC invocations=3228 (full 6):
 PSYoungGen      total 5632K, used 788K [0x00000000d5580000, 0x00000000d5f00000, 0x0000000100000000)
  eden space 4608K, 0% used [0x00000000d5580000,0x00000000d5580000,0x00000000d5a00000)
  from space 1024K, 77% used [0x00000000d5d80000,0x00000000d5e45220,0x00000000d5e80000)
  to   space 512K, 0% used [0x00000000d5e80000,0x00000000d5e80000,0x00000000d5f00000)
 ParOldGen       total 566272K, used 565899K [0x0000000080000000, 0x00000000a2900000, 0x00000000d5580000)
  object space 566272K, 99% used [0x0000000080000000,0x00000000a28a2e08,0x00000000a2900000)
 Metaspace       used 90177K, committed 92224K, reserved 1179648K
  class space    used 8943K, committed 9920K, reserved 1048576K
}
Event: 3601.243 GC heap before
{Heap before GC invocations=3229 (full 6):
 PSYoungGen      total 5632K, used 5396K [0x00000000d5580000, 0x00000000d5f00000, 0x0000000100000000)
  eden space 4608K, 100% used [0x00000000d5580000,0x00000000d5a00000,0x00000000d5a00000)
  from space 1024K, 77% used [0x00000000d5d80000,0x00000000d5e45220,0x00000000d5e80000)
  to   space 512K, 0% used [0x00000000d5e80000,0x00000000d5e80000,0x00000000d5f00000)
 ParOldGen       total 566272K, used 565899K [0x0000000080000000, 0x00000000a2900000, 0x00000000d5580000)
  object space 566272K, 99% used [0x0000000080000000,0x00000000a28a2e08,0x00000000a2900000)
 Metaspace       used 90177K, committed 92224K, reserved 1179648K
  class space    used 8943K, committed 9920K, reserved 1048576K
}
Event: 3601.245 GC heap after
{Heap after GC invocations=3229 (full 6):
 PSYoungGen      total 5120K, used 500K [0x00000000d5580000, 0x00000000d5f00000, 0x0000000100000000)
  eden space 4608K, 0% used [0x00000000d5580000,0x00000000d5580000,0x00000000d5a00000)
  from space 512K, 97% used [0x00000000d5e80000,0x00000000d5efd200,0x00000000d5f00000)
  to   space 2048K, 0% used [0x00000000d5b00000,0x00000000d5b00000,0x00000000d5d00000)
 ParOldGen       total 567296K, used 566884K [0x0000000080000000, 0x00000000a2a00000, 0x00000000d5580000)
  object space 567296K, 99% used [0x0000000080000000,0x00000000a2999058,0x00000000a2a00000)
 Metaspace       used 90177K, committed 92224K, reserved 1179648K
  class space    used 8943K, committed 9920K, reserved 1048576K
}
Event: 3601.255 GC heap before
{Heap before GC invocations=3230 (full 6):
 PSYoungGen      total 5120K, used 5108K [0x00000000d5580000, 0x00000000d5f00000, 0x0000000100000000)
  eden space 4608K, 100% used [0x00000000d5580000,0x00000000d5a00000,0x00000000d5a00000)
  from space 512K, 97% used [0x00000000d5e80000,0x00000000d5efd200,0x00000000d5f00000)
  to   space 2048K, 0% used [0x00000000d5b00000,0x00000000d5b00000,0x00000000d5d00000)
 ParOldGen       total 567296K, used 566884K [0x0000000080000000, 0x00000000a2a00000, 0x00000000d5580000)
  object space 567296K, 99% used [0x0000000080000000,0x00000000a2999058,0x00000000a2a00000)
 Metaspace       used 90178K, committed 92224K, reserved 1179648K
  class space    used 8943K, committed 9920K, reserved 1048576K
}
Event: 3601.257 GC heap after
{Heap after GC invocations=3230 (full 6):
 PSYoungGen      total 6656K, used 1060K [0x00000000d5580000, 0x00000000d5f00000, 0x0000000100000000)
  eden space 4608K, 0% used [0x00000000d5580000,0x00000000d5580000,0x00000000d5a00000)
  from space 2048K, 51% used [0x00000000d5b00000,0x00000000d5c09230,0x00000000d5d00000)
  to   space 1536K, 0% used [0x00000000d5d80000,0x00000000d5d80000,0x00000000d5f00000)
 ParOldGen       total 567808K, used 567372K [0x0000000080000000, 0x00000000a2a80000, 0x00000000d5580000)
  object space 567808K, 99% used [0x0000000080000000,0x00000000a2a13268,0x00000000a2a80000)
 Metaspace       used 90178K, committed 92224K, reserved 1179648K
  class space    used 8943K, committed 9920K, reserved 1048576K
}

